# JRE version: Java(TM) SE Runtime Environment (8.0_51-b16) (build 1.8.0_51-b16)
# Java VM: Java HotSpot(TM) 64-Bit Server VM (25.51-b03 mixed mode windows-amd64 compressed oops)
Heap:
 garbage-first heap   total 2097152K, used 1486365K [0x00000005c0000000, 0x00000005c2000200, 0x00000007c0000000)
  region size 32768K, 17 young (557056K), 3 survivors (98304K)
 Metaspace       used 124612K, capacity 127239K, committed 127480K, reserved 1155072K
  class space    used 20233K, capacity 21205K, committed 21240K, reserved 1048576K
GC Heap History (10 events):
Event: 33.543 GC heap before
{Heap before GC invocations=88 (full 0):
 garbage-first heap   total 2097152K, used 1540248K [0x00000005c0000000, 0x00000005c2000200, 0x00000007c0000000)
  region size 32768K, 21 young (688128K), 3 survivors (98304K)
 Metaspace       used 112545K, capacity 114735K, committed 115192K, reserved 1144832K
  class space    used 18107K, capacity 18936K, committed 18936K, reserved 1048576K
Event: 33.560 GC heap after
Heap after GC invocations=89 (full 0):
 garbage-first heap   total 2097152K, used 959507K [0x00000005c0000000, 0x00000005c2000200, 0x00000007c0000000)
  region size 32768K, 3 young (98304K), 3 survivors (98304K)
 Metaspace       used 112545K, capacity 114735K, committed 115192K, reserved 1144832K
  class space    used 18107K, capacity 18936K, committed 18936K, reserved 1048576K
}
Event: 34.467 GC heap before
{Heap before GC invocations=89 (full 0):
 garbage-first heap   total 2097152K, used 1549331K [0x00000005c0000000, 0x00000005c2000200, 0x00000007c0000000)
  region size 32768K, 21 young (688128K), 3 survivors (98304K)
 Metaspace       used 116293K, capacity 118645K, committed 119160K, reserved 1148928K
  class space    used 18891K, capacity 19793K, committed 19832K, reserved 1048576K
Event: 34.486 GC heap after
Heap after GC invocations=90 (full 0):
 garbage-first heap   total 2097152K, used 981016K [0x00000005c0000000, 0x00000005c2000200, 0x00000007c0000000)
  region size 32768K, 3 young (98304K), 3 survivors (98304K)
 Metaspace       used 116293K, capacity 118645K, committed 119160K, reserved 1148928K
  class space    used 18891K, capacity 19793K, committed 19832K, reserved 1048576K
}
Event: 35.212 GC heap before
{Heap before GC invocations=90 (full 0):
 garbage-first heap   total 2097152K, used 1538072K [0x00000005c0000000, 0x00000005c2000200, 0x00000007c0000000)
  region size 32768K, 20 young (655360K), 3 survivors (98304K)
 Metaspace       used 118702K, capacity 121111K, committed 121720K, reserved 1150976K
  class space    used 19310K, capacity 20242K, committed 20344K, reserved 1048576K
Event: 35.237 GC heap after
Heap after GC invocations=91 (full 0):
 garbage-first heap   total 2097152K, used 1002157K [0x00000005c0000000, 0x00000005c2000200, 0x00000007c0000000)
  region size 32768K, 3 young (98304K), 3 survivors (98304K)
 Metaspace       used 118702K, capacity 121111K, committed 121720K, reserved 1150976K
  class space    used 19310K, capacity 20242K, committed 20344K, reserved 1048576K
}
Event: 35.916 GC heap before
{Heap before GC invocations=91 (full 0):
 garbage-first heap   total 2097152K, used 1559213K [0x00000005c0000000, 0x00000005c2000200, 0x00000007c0000000)
  region size 32768K, 20 young (655360K), 3 survivors (98304K)
 Metaspace       used 121074K, capacity 123483K, committed 124152K, reserved 1153024K
  class space    used 19701K, capacity 20605K, committed 20728K, reserved 1048576K
Event: 35.942 GC heap after
Heap after GC invocations=92 (full 0):
 garbage-first heap   total 2097152K, used 1018009K [0x00000005c0000000, 0x00000005c2000200, 0x00000007c0000000)
  region size 32768K, 3 young (98304K), 3 survivors (98304K)
 Metaspace       used 121074K, capacity 123483K, committed 124152K, reserved 1153024K
  class space    used 19701K, capacity 20605K, committed 20728K, reserved 1048576K
}
Event: 36.646 GC heap before
{Heap before GC invocations=92 (full 0):
 garbage-first heap   total 2097152K, used 1542297K [0x00000005c0000000, 0x00000005c2000200, 0x00000007c0000000)
  region size 32768K, 19 young (622592K), 3 survivors (98304K)
 Metaspace       used 123477K, capacity 126035K, committed 126584K, reserved 1155072K
  class space    used 20108K, capacity 21075K, committed 21112K, reserved 1048576K
Event: 36.670 GC heap after
Heap after GC invocations=93 (full 0):
 garbage-first heap   total 2097152K, used 1027613K [0x00000005c0000000, 0x00000005c2000200, 0x00000007c0000000)
  region size 32768K, 3 young (98304K), 3 survivors (98304K)
 Metaspace       used 123477K, capacity 126035K, committed 126584K, reserved 1155072K
  class space    used 20108K, capacity 21075K, committed 21112K, reserved 1048576K
}

