# JRE version: Java(TM) SE Runtime Environment (8.0_51-b16) (build 1.8.0_51-b16)
# Java VM: Java HotSpot(TM) 64-Bit Server VM (25.51-b03 mixed mode windows-amd64 compressed oops)
Heap:
 garbage-first heap   total 1048576K, used 769790K [0x00000005c0000000, 0x00000005c2000100, 0x00000007c0000000)
  region size 32768K, 6 young (196608K), 1 survivors (32768K)
 Metaspace       used 73292K, capacity 74365K, committed 74824K, reserved 1114112K
  class space    used 10511K, capacity 10853K, committed 10880K, reserved 1048576K
GC Heap History (10 events):
Event: 25.194 GC heap after
Heap after GC invocations=64 (full 0):
 garbage-first heap   total 1048576K, used 504653K [0x00000005c0000000, 0x00000005c2000100, 0x00000007c0000000)
  region size 32768K, 1 young (32768K), 1 survivors (32768K)
 Metaspace       used 70411K, capacity 71163K, committed 71880K, reserved 1112064K
  class space    used 9890K, capacity 10154K, committed 10240K, reserved 1048576K
}
Event: 25.380 GC heap before
{Heap before GC invocations=64 (full 0):
 garbage-first heap   total 1048576K, used 668493K [0x00000005c0000000, 0x00000005c2000100, 0x00000007c0000000)
  region size 32768K, 6 young (196608K), 1 survivors (32768K)
 Metaspace       used 70833K, capacity 71747K, committed 72264K, reserved 1112064K
  class space    used 9997K, capacity 10284K, committed 10368K, reserved 1048576K
Event: 25.401 GC heap after
Heap after GC invocations=65 (full 0):
 garbage-first heap   total 1048576K, used 554722K [0x00000005c0000000, 0x00000005c2000100, 0x00000007c0000000)
  region size 32768K, 1 young (32768K), 1 survivors (32768K)
 Metaspace       used 70833K, capacity 71747K, committed 72264K, reserved 1112064K
  class space    used 9997K, capacity 10284K, committed 10368K, reserved 1048576K
}
Event: 25.637 GC heap before
{Heap before GC invocations=65 (full 0):
 garbage-first heap   total 1048576K, used 784098K [0x00000005c0000000, 0x00000005c2000100, 0x00000007c0000000)
  region size 32768K, 8 young (262144K), 1 survivors (32768K)
 Metaspace       used 71544K, capacity 72503K, committed 72904K, reserved 1112064K
  class space    used 10172K, capacity 10470K, committed 10496K, reserved 1048576K
Event: 25.654 GC heap after
Heap after GC invocations=66 (full 0):
 garbage-first heap   total 1048576K, used 586256K [0x00000005c0000000, 0x00000005c2000100, 0x00000007c0000000)
  region size 32768K, 1 young (32768K), 1 survivors (32768K)
 Metaspace       used 71544K, capacity 72503K, committed 72904K, reserved 1112064K
  class space    used 10172K, capacity 10470K, committed 10496K, reserved 1048576K
}
Event: 25.841 GC heap before
{Heap before GC invocations=66 (full 0):
 garbage-first heap   total 1048576K, used 782864K [0x00000005c0000000, 0x00000005c2000100, 0x00000007c0000000)
  region size 32768K, 7 young (229376K), 1 survivors (32768K)
 Metaspace       used 72176K, capacity 73191K, committed 73672K, reserved 1112064K
  class space    used 10323K, capacity 10670K, committed 10752K, reserved 1048576K
Event: 25.855 GC heap after
Heap after GC invocations=67 (full 0):
 garbage-first heap   total 1048576K, used 603497K [0x00000005c0000000, 0x00000005c2000100, 0x00000007c0000000)
  region size 32768K, 1 young (32768K), 1 survivors (32768K)
 Metaspace       used 72176K, capacity 73191K, committed 73672K, reserved 1112064K
  class space    used 10323K, capacity 10670K, committed 10752K, reserved 1048576K
}
Event: 26.070 GC heap before
{Heap before GC invocations=67 (full 0):
 garbage-first heap   total 1048576K, used 767337K [0x00000005c0000000, 0x00000005c2000100, 0x00000007c0000000)
  region size 32768K, 6 young (196608K), 1 survivors (32768K)
 Metaspace       used 72664K, capacity 73705K, committed 74184K, reserved 1112064K
  class space    used 10411K, capacity 10747K, committed 10752K, reserved 1048576K
Event: 26.080 GC heap after
Heap after GC invocations=68 (full 0):
 garbage-first heap   total 1048576K, used 605950K [0x00000005c0000000, 0x00000005c2000100, 0x00000007c0000000)
  region size 32768K, 1 young (32768K), 1 survivors (32768K)
 Metaspace       used 72664K, capacity 73705K, committed 74184K, reserved 1112064K
  class space    used 10411K, capacity 10747K, committed 10752K, reserved 1048576K
}
Event: 26.263 GC heap before
{Heap before GC invocations=69 (full 0):
 garbage-first heap   total 1048576K, used 769790K [0x00000005c0000000, 0x00000005c2000100, 0x00000007c0000000)
  region size 32768K, 6 young (196608K), 1 survivors (32768K)
 Metaspace       used 73292K, capacity 74365K, committed 74824K, reserved 1114112K
  class space    used 10511K, capacity 10853K, committed 10880K, reserved 1048576K

