# JRE version: Java(TM) SE Runtime Environment (8.0_51-b16) (build 1.8.0_51-b16)
# Java VM: Java HotSpot(TM) 64-Bit Server VM (25.51-b03 mixed mode windows-amd64 compressed oops)
Heap:
 garbage-first heap   total 4685824K, used 3799653K [0x00000005c0000000, 0x00000005c2000478, 0x00000007c0000000)
  region size 32768K, 28 young (917504K), 2 survivors (65536K)
 Metaspace       used 146659K, capacity 150677K, committed 150716K, reserved 1175552K
  class space    used 23109K, capacity 24342K, committed 24344K, reserved 1048576K
GC Heap History (10 events):
Event: 85.565 GC heap after
Heap after GC invocations=140 (full 0):
 garbage-first heap   total 4685824K, used 3304888K [0x00000005c0000000, 0x00000005c2000478, 0x00000007c0000000)
  region size 32768K, 4 young (131072K), 4 survivors (131072K)
 Metaspace       used 145782K, capacity 149695K, committed 149948K, reserved 1175552K
  class space    used 23015K, capacity 24227K, committed 24344K, reserved 1048576K
}
Event: 86.366 GC heap before
{Heap before GC invocations=140 (full 0):
 garbage-first heap   total 4685824K, used 4091320K [0x00000005c0000000, 0x00000005c2000478, 0x00000007c0000000)
  region size 32768K, 28 young (917504K), 4 survivors (131072K)
 Metaspace       used 146286K, capacity 150195K, committed 150460K, reserved 1175552K
  class space    used 23062K, capacity 24265K, committed 24344K, reserved 1048576K
Event: 86.387 GC heap after
Heap after GC invocations=141 (full 0):
 garbage-first heap   total 4685824K, used 3319810K [0x00000005c0000000, 0x00000005c2000478, 0x00000007c0000000)
  region size 32768K, 4 young (131072K), 4 survivors (131072K)
 Metaspace       used 146286K, capacity 150195K, committed 150460K, reserved 1175552K
  class space    used 23062K, capacity 24265K, committed 24344K, reserved 1048576K
}
Event: 86.956 GC heap before
{Heap before GC invocations=141 (full 0):
 garbage-first heap   total 4685824K, used 4106242K [0x00000005c0000000, 0x00000005c2000478, 0x00000007c0000000)
  region size 32768K, 28 young (917504K), 4 survivors (131072K)
 Metaspace       used 146563K, capacity 150599K, committed 150716K, reserved 1175552K
  class space    used 23104K, capacity 24339K, committed 24344K, reserved 1048576K
Event: 86.976 GC heap after
Heap after GC invocations=142 (full 0):
 garbage-first heap   total 4685824K, used 3345659K [0x00000005c0000000, 0x00000005c2000478, 0x00000007c0000000)
  region size 32768K, 4 young (131072K), 4 survivors (131072K)
 Metaspace       used 146563K, capacity 150599K, committed 150716K, reserved 1175552K
  class space    used 23104K, capacity 24339K, committed 24344K, reserved 1048576K
}
Event: 87.451 GC heap before
{Heap before GC invocations=143 (full 0):
 garbage-first heap   total 4685824K, used 4099323K [0x00000005c0000000, 0x00000005c2000478, 0x00000007c0000000)
  region size 32768K, 28 young (917504K), 4 survivors (131072K)
 Metaspace       used 146600K, capacity 150613K, committed 150716K, reserved 1175552K
  class space    used 23108K, capacity 24342K, committed 24344K, reserved 1048576K
Event: 87.469 GC heap after
Heap after GC invocations=144 (full 0):
 garbage-first heap   total 4685824K, used 3335738K [0x00000005c0000000, 0x00000005c2000478, 0x00000007c0000000)
  region size 32768K, 4 young (131072K), 4 survivors (131072K)
 Metaspace       used 146600K, capacity 150613K, committed 150716K, reserved 1175552K
  class space    used 23108K, capacity 24342K, committed 24344K, reserved 1048576K
}
Event: 87.925 GC heap before
{Heap before GC invocations=144 (full 0):
 garbage-first heap   total 4685824K, used 4122170K [0x00000005c0000000, 0x00000005c2000478, 0x00000007c0000000)
  region size 32768K, 28 young (917504K), 4 survivors (131072K)
 Metaspace       used 146632K, capacity 150677K, committed 150716K, reserved 1175552K
  class space    used 23109K, capacity 24342K, committed 24344K, reserved 1048576K
Event: 87.963 GC heap after
Heap after GC invocations=145 (full 0):
 garbage-first heap   total 4685824K, used 2947685K [0x00000005c0000000, 0x00000005c2000478, 0x00000007c0000000)
  region size 32768K, 2 young (65536K), 2 survivors (65536K)
 Metaspace       used 146632K, capacity 150677K, committed 150716K, reserved 1175552K
  class space    used 23109K, capacity 24342K, committed 24344K, reserved 1048576K
}
Event: 88.440 GC heap before
{Heap before GC invocations=145 (full 0):
 garbage-first heap   total 4685824K, used 3799653K [0x00000005c0000000, 0x00000005c2000478, 0x00000007c0000000)
  region size 32768K, 28 young (917504K), 2 survivors (65536K)
 Metaspace       used 146659K, capacity 150677K, committed 150716K, reserved 1175552K
  class space    used 23109K, capacity 24342K, committed 24344K, reserved 1048576K

